生成启动时间为 2017/5/16 18:04:28。
     1>项目“G:\Study\algorithms\KaratsubaMul\karatsuba\karatsuba\karatsuba.vcxproj”在节点 2 上(build 个目标)。
     1>InitializeBuildStatus:
         正在创建“Debug\karatsuba.unsuccessfulbuild”，因为已指定“AlwaysCreate”。
       ClCompile:
         E:\Program_Files\vs2010\VC\bin\CL.exe /c /ZI /nologo /W3 /WX- /Od /Oy- /D WIN32 /D _DEBUG /D _CONSOLE /D _UNICODE /D UNICODE /Gm /EHsc /RTC1 /MDd /GS /fp:precise /Zc:wchar_t /Zc:forScope /Fo"Debug\\" /Fd"Debug\vc100.pdb" /Gd /TP /analyze- /errorReport:prompt karatsuba.cpp
         karatsuba.cpp
     1>g:\study\algorithms\karatsubamul\karatsuba\karatsuba\karatsuba.cpp(158): warning C4018: “<”: 有符号/无符号不匹配
     1>g:\study\algorithms\karatsubamul\karatsuba\karatsuba\karatsuba.cpp(175): warning C4018: “<”: 有符号/无符号不匹配
       ManifestResourceCompile:
         所有输出均为最新。
       Link:
         E:\Program_Files\vs2010\VC\bin\link.exe /ERRORREPORT:PROMPT /OUT:"G:\Study\algorithms\KaratsubaMul\karatsuba\Debug\karatsuba.exe" /INCREMENTAL /NOLOGO kernel32.lib user32.lib gdi32.lib winspool.lib comdlg32.lib advapi32.lib shell32.lib ole32.lib oleaut32.lib uuid.lib odbc32.lib odbccp32.lib /MANIFEST /ManifestFile:"Debug\karatsuba.exe.intermediate.manifest" /MANIFESTUAC:"level='asInvoker' uiAccess='false'" /DEBUG /PDB:"G:\Study\algorithms\KaratsubaMul\karatsuba\Debug\karatsuba.pdb" /SUBSYSTEM:CONSOLE /TLBID:1 /DYNAMICBASE /NXCOMPAT /IMPLIB:"G:\Study\algorithms\KaratsubaMul\karatsuba\Debug\karatsuba.lib" /MACHINE:X86 Debug\karatsuba.exe.embed.manifest.res
         Debug\karatsuba.obj
       Manifest:
         C:\Program Files (x86)\Microsoft SDKs\Windows\v7.0A\bin\mt.exe /nologo /verbose /out:"Debug\karatsuba.exe.embed.manifest" /manifest Debug\karatsuba.exe.intermediate.manifest
         所有输出均为最新。
       LinkEmbedManifest:
         所有输出均为最新。
         karatsuba.vcxproj -> G:\Study\algorithms\KaratsubaMul\karatsuba\Debug\karatsuba.exe
       FinalizeBuildStatus:
         正在删除文件“Debug\karatsuba.unsuccessfulbuild”。
         正在对“Debug\karatsuba.lastbuildstate”执行 Touch 任务。
     1>已完成生成项目“G:\Study\algorithms\KaratsubaMul\karatsuba\karatsuba\karatsuba.vcxproj”(build 个目标)的操作。

生成成功。

已用时间 00:00:01.82
