生成启动时间为 2017/8/5 23:54:25。
     1>项目“G:\Study\algorithms\HummingClustering\HummingClustering\HummingClustering\HummingClustering.vcxproj”在节点 2 上(build 个目标)。
     1>InitializeBuildStatus:
         正在创建“Debug\HummingClustering.unsuccessfulbuild”，因为已指定“AlwaysCreate”。
       ClCompile:
         E:\Program_Files\vs2010\VC\bin\CL.exe /c /ZI /nologo /W3 /WX- /Od /Oy- /D WIN32 /D _DEBUG /D _CONSOLE /D _UNICODE /D UNICODE /Gm /EHsc /RTC1 /MDd /GS /fp:precise /Zc:wchar_t /Zc:forScope /Fo"Debug\\" /Fd"Debug\vc100.pdb" /Gd /TP /analyze- /errorReport:prompt main.cpp
         main.cpp
     1>g:\study\algorithms\hummingclustering\hummingclustering\hummingclustering\main.cpp(20): warning C4244: “初始化”: 从“double”转换到“int”，可能丢失数据
     1>g:\study\algorithms\hummingclustering\hummingclustering\hummingclustering\main.cpp(33): warning C4800: “int”: 将值强制为布尔值“true”或“false”(性能警告)
       ManifestResourceCompile:
         所有输出均为最新。
       Link:
         E:\Program_Files\vs2010\VC\bin\link.exe /ERRORREPORT:PROMPT /OUT:"G:\Study\algorithms\HummingClustering\HummingClustering\Debug\HummingClustering.exe" /INCREMENTAL /NOLOGO kernel32.lib user32.lib gdi32.lib winspool.lib comdlg32.lib advapi32.lib shell32.lib ole32.lib oleaut32.lib uuid.lib odbc32.lib odbccp32.lib /MANIFEST /ManifestFile:"Debug\HummingClustering.exe.intermediate.manifest" /MANIFESTUAC:"level='asInvoker' uiAccess='false'" /DEBUG /PDB:"G:\Study\algorithms\HummingClustering\HummingClustering\Debug\HummingClustering.pdb" /SUBSYSTEM:CONSOLE /TLBID:1 /DYNAMICBASE /NXCOMPAT /IMPLIB:"G:\Study\algorithms\HummingClustering\HummingClustering\Debug\HummingClustering.lib" /MACHINE:X86 Debug\HummingClustering.exe.embed.manifest.res
         Debug\DisjSet.obj
         Debug\HashTable.obj
         Debug\main.obj
       Manifest:
         C:\Program Files (x86)\Microsoft SDKs\Windows\v7.0A\bin\mt.exe /nologo /verbose /out:"Debug\HummingClustering.exe.embed.manifest" /manifest Debug\HummingClustering.exe.intermediate.manifest
         所有输出均为最新。
       LinkEmbedManifest:
         所有输出均为最新。
         HummingClustering.vcxproj -> G:\Study\algorithms\HummingClustering\HummingClustering\Debug\HummingClustering.exe
       FinalizeBuildStatus:
         正在删除文件“Debug\HummingClustering.unsuccessfulbuild”。
         正在对“Debug\HummingClustering.lastbuildstate”执行 Touch 任务。
     1>已完成生成项目“G:\Study\algorithms\HummingClustering\HummingClustering\HummingClustering\HummingClustering.vcxproj”(build 个目标)的操作。

生成成功。

已用时间 00:00:01.89
