生成启动时间为 2017/7/8 1:26:24。
     1>项目“G:\Study\algorithms\SCC\SCC\SCC\SCC.vcxproj”在节点 2 上(build 个目标)。
     1>InitializeBuildStatus:
         正在创建“Debug\SCC.unsuccessfulbuild”，因为已指定“AlwaysCreate”。
       ClCompile:
         所有输出均为最新。
       ManifestResourceCompile:
         所有输出均为最新。
       Link:
         所有输出均为最新。
         E:\Program_Files\vs2010\VC\bin\link.exe /ERRORREPORT:PROMPT /OUT:"G:\Study\algorithms\SCC\SCC\Debug\SCC.exe" /INCREMENTAL /NOLOGO kernel32.lib user32.lib gdi32.lib winspool.lib comdlg32.lib advapi32.lib shell32.lib ole32.lib oleaut32.lib uuid.lib odbc32.lib odbccp32.lib /MANIFEST /ManifestFile:"Debug\SCC.exe.intermediate.manifest" /MANIFESTUAC:"level='asInvoker' uiAccess='false'" /DEBUG /PDB:"G:\Study\algorithms\SCC\SCC\Debug\SCC.pdb" /SUBSYSTEM:CONSOLE /STACK:"104857600" /TLBID:1 /DYNAMICBASE /NXCOMPAT /IMPLIB:"G:\Study\algorithms\SCC\SCC\Debug\SCC.lib" /MACHINE:X86 Debug\SCC.exe.embed.manifest.res
         Debug\graph.obj
         Debug\SCC.obj
       Manifest:
         C:\Program Files (x86)\Microsoft SDKs\Windows\v7.0A\bin\mt.exe /nologo /verbose /out:"Debug\SCC.exe.embed.manifest" /manifest Debug\SCC.exe.intermediate.manifest
         所有输出均为最新。
       LinkEmbedManifest:
         所有输出均为最新。
         SCC.vcxproj -> G:\Study\algorithms\SCC\SCC\Debug\SCC.exe
       FinalizeBuildStatus:
         正在删除文件“Debug\SCC.unsuccessfulbuild”。
         正在对“Debug\SCC.lastbuildstate”执行 Touch 任务。
     1>已完成生成项目“G:\Study\algorithms\SCC\SCC\SCC\SCC.vcxproj”(build 个目标)的操作。

生成成功。

已用时间 00:00:00.88
