生成启动时间为 2017/7/25 11:56:53。
     1>项目“G:\Study\algorithms\HashTable2sum\HashTable2sum\HashTable2sum\HashTable2sum.vcxproj”在节点 2 上(build 个目标)。
     1>InitializeBuildStatus:
         正在创建“Debug\HashTable2sum.unsuccessfulbuild”，因为已指定“AlwaysCreate”。
       ClCompile:
         E:\Program_Files\vs2010\VC\bin\CL.exe /c /ZI /nologo /W3 /WX- /Od /Oy- /D WIN32 /D _DEBUG /D _CONSOLE /D _UNICODE /D UNICODE /Gm /EHsc /RTC1 /MDd /GS /fp:precise /Zc:wchar_t /Zc:forScope /Fo"Debug\\" /Fd"Debug\vc100.pdb" /Gd /TP /analyze- /errorReport:prompt main.cpp
         main.cpp
       ManifestResourceCompile:
         所有输出均为最新。
       Link:
         E:\Program_Files\vs2010\VC\bin\link.exe /ERRORREPORT:PROMPT /OUT:"G:\Study\algorithms\HashTable2sum\HashTable2sum\Debug\HashTable2sum.exe" /INCREMENTAL /NOLOGO kernel32.lib user32.lib gdi32.lib winspool.lib comdlg32.lib advapi32.lib shell32.lib ole32.lib oleaut32.lib uuid.lib odbc32.lib odbccp32.lib /MANIFEST /ManifestFile:"Debug\HashTable2sum.exe.intermediate.manifest" /MANIFESTUAC:"level='asInvoker' uiAccess='false'" /DEBUG /PDB:"G:\Study\algorithms\HashTable2sum\HashTable2sum\Debug\HashTable2sum.pdb" /SUBSYSTEM:CONSOLE /TLBID:1 /DYNAMICBASE /NXCOMPAT /IMPLIB:"G:\Study\algorithms\HashTable2sum\HashTable2sum\Debug\HashTable2sum.lib" /MACHINE:X86 Debug\HashTable2sum.exe.embed.manifest.res
         Debug\HashTable.obj
         Debug\main.obj
       Manifest:
         C:\Program Files (x86)\Microsoft SDKs\Windows\v7.0A\bin\mt.exe /nologo /verbose /out:"Debug\HashTable2sum.exe.embed.manifest" /manifest Debug\HashTable2sum.exe.intermediate.manifest
         所有输出均为最新。
       LinkEmbedManifest:
         所有输出均为最新。
         HashTable2sum.vcxproj -> G:\Study\algorithms\HashTable2sum\HashTable2sum\Debug\HashTable2sum.exe
       FinalizeBuildStatus:
         正在删除文件“Debug\HashTable2sum.unsuccessfulbuild”。
         正在对“Debug\HashTable2sum.lastbuildstate”执行 Touch 任务。
     1>已完成生成项目“G:\Study\algorithms\HashTable2sum\HashTable2sum\HashTable2sum\HashTable2sum.vcxproj”(build 个目标)的操作。

生成成功。

已用时间 00:00:01.66
